[debug] [2022-04-29T11:19:35.846Z] ----------------------------------------------------------------------
[debug] [2022-04-29T11:19:35.862Z] Command:       C:\Program Files\nodejs\node.exe C:\Users\Vicky\AppData\Roaming\npm\node_modules\firebase-tools\lib\bin\firebase.js init
[debug] [2022-04-29T11:19:35.865Z] CLI Version:   10.7.1
[debug] [2022-04-29T11:19:35.866Z] Platform:      win32
[debug] [2022-04-29T11:19:35.866Z] Node Version:  v14.17.3
[debug] [2022-04-29T11:19:35.885Z] Time:          Fri Apr 29 2022 16:49:35 GMT+0530 (India Standard Time)
[debug] [2022-04-29T11:19:35.887Z] ----------------------------------------------------------------------
[debug] 
[debug] [2022-04-29T11:19:35.906Z] >>> [apiv2][query] GET https://firebase-public.firebaseio.com/cli.json [none]
[debug] [2022-04-29T11:19:36.044Z] > command requires scopes: ["email","openid","https://www.googleapis.com/auth/cloudplatformprojects.readonly","https://www.googleapis.com/auth/firebase","https://www.googleapis.com/auth/cloud-platform"]
[debug] [2022-04-29T11:19:36.045Z] > authorizing via signed-in user (bs.vigneshwaran@gmail.com)
[info] 
     ######## #### ########  ######## ########     ###     ######  ########
     ##        ##  ##     ## ##       ##     ##  ##   ##  ##       ##
     ######    ##  ########  ######   ########  #########  ######  ######
     ##        ##  ##    ##  ##       ##     ## ##     ##       ## ##
     ##       #### ##     ## ######## ########  ##     ##  ######  ########

You're about to initialize a Firebase project in this directory:

  C:\Users\Vicky\OneDrive\map_my_sona_admin

[debug] [2022-04-29T11:19:37.958Z] <<< [apiv2][status] GET https://firebase-public.firebaseio.com/cli.json 200
[debug] [2022-04-29T11:19:37.963Z] <<< [apiv2][body] GET https://firebase-public.firebaseio.com/cli.json {"cloudBuildErrorAfter":1594252800000,"cloudBuildWarnAfter":1590019200000,"defaultNode10After":1594252800000,"minVersion":"3.0.5","node8DeploysDisabledAfter":1613390400000,"node8RuntimeDisabledAfter":1615809600000,"node8WarnAfter":1600128000000}
